<?xml version="1.0" encoding="UTF-8"?>
<!-- Generated by org.testng.reporters.JUnitXMLReporter -->
<testsuite ignored="0" hostname="DESKTOP-2MJP4C0" failures="0" tests="2" name="Default test" time="63.113" errors="0" timestamp="2024-05-30T00:46:39 IST">
  <testcase classname="com.crm.DwsTestCase.LoginFunctionWithMultipleCredentials" name="loginCredential" time="11.266"/>
  <testcase classname="com.crm.DwsTestCase.LoginFunctionWithMultipleCredentials" name="loginCredential" time="3.967"/>
</testsuite> <!-- Default test -->
