<?xml version="1.0" encoding="UTF-8"?>
<testng-results ignored="0" total="6" passed="6" failed="0" skipped="0">
  <reporter-output>
  </reporter-output>
  <suite started-at="2024-05-30T12:45:55 IST" name="Suite" finished-at="2024-05-30T12:50:20 IST" duration-ms="264887">
    <groups>
    </groups>
    <test started-at="2024-05-30T12:45:55 IST" name="Test" finished-at="2024-05-30T12:50:20 IST" duration-ms="264887">
      <class name="com.crm.DwsTestCase.VerifyGiftCard">
        <test-method is-config="true" signature="beforeClass()[pri:0, instance:com.crm.DwsTestCase.VerifyGiftCard@4681c175]" started-at="2024-05-30T12:49:08 IST" name="beforeClass" finished-at="2024-05-30T12:49:18 IST" duration-ms="10861" status="PASS">
          <reporter-output>
          </reporter-output>
        </test-method> <!-- beforeClass -->
        <test-method is-config="true" signature="beforeMethod()[pri:0, instance:com.crm.DwsTestCase.VerifyGiftCard@4681c175]" started-at="2024-05-30T12:49:18 IST" name="beforeMethod" finished-at="2024-05-30T12:49:21 IST" duration-ms="2486" status="PASS">
          <reporter-output>
          </reporter-output>
        </test-method> <!-- beforeMethod -->
        <test-method signature="read()[pri:0, instance:com.crm.DwsTestCase.VerifyGiftCard@4681c175]" started-at="2024-05-30T12:49:21 IST" name="read" finished-at="2024-05-30T12:49:28 IST" duration-ms="7161" status="PASS">
          <reporter-output>
          </reporter-output>
        </test-method> <!-- read -->
        <test-method is-config="true" signature="afterMethod()[pri:0, instance:com.crm.DwsTestCase.VerifyGiftCard@4681c175]" started-at="2024-05-30T12:49:28 IST" name="afterMethod" finished-at="2024-05-30T12:49:30 IST" duration-ms="1536" status="PASS">
          <reporter-output>
          </reporter-output>
        </test-method> <!-- afterMethod -->
        <test-method is-config="true" signature="afterClass()[pri:0, instance:com.crm.DwsTestCase.VerifyGiftCard@4681c175]" started-at="2024-05-30T12:49:30 IST" name="afterClass" finished-at="2024-05-30T12:49:30 IST" duration-ms="376" status="PASS">
          <reporter-output>
          </reporter-output>
        </test-method> <!-- afterClass -->
      </class> <!-- com.crm.DwsTestCase.VerifyGiftCard -->
      <class name="com.crm.DwsTestCase.TwitterPage">
        <test-method is-config="true" signature="beforeClass()[pri:0, instance:com.crm.DwsTestCase.TwitterPage@353352b6]" started-at="2024-05-30T12:48:00 IST" name="beforeClass" finished-at="2024-05-30T12:48:08 IST" duration-ms="8468" status="PASS">
          <reporter-output>
          </reporter-output>
        </test-method> <!-- beforeClass -->
        <test-method is-config="true" signature="beforeMethod()[pri:0, instance:com.crm.DwsTestCase.TwitterPage@353352b6]" started-at="2024-05-30T12:48:08 IST" name="beforeMethod" finished-at="2024-05-30T12:48:11 IST" duration-ms="2391" status="PASS">
          <reporter-output>
          </reporter-output>
        </test-method> <!-- beforeMethod -->
        <test-method signature="twitter()[pri:0, instance:com.crm.DwsTestCase.TwitterPage@353352b6]" started-at="2024-05-30T12:48:11 IST" name="twitter" finished-at="2024-05-30T12:49:04 IST" duration-ms="53247" status="PASS">
          <reporter-output>
          </reporter-output>
        </test-method> <!-- twitter -->
        <test-method is-config="true" signature="afterMethod()[pri:0, instance:com.crm.DwsTestCase.TwitterPage@353352b6]" started-at="2024-05-30T12:49:04 IST" name="afterMethod" finished-at="2024-05-30T12:49:06 IST" duration-ms="2517" status="PASS">
          <reporter-output>
          </reporter-output>
        </test-method> <!-- afterMethod -->
        <test-method is-config="true" signature="afterClass()[pri:0, instance:com.crm.DwsTestCase.TwitterPage@353352b6]" started-at="2024-05-30T12:49:06 IST" name="afterClass" finished-at="2024-05-30T12:49:08 IST" duration-ms="1132" status="PASS">
          <reporter-output>
          </reporter-output>
        </test-method> <!-- afterClass -->
      </class> <!-- com.crm.DwsTestCase.TwitterPage -->
      <class name="com.crm.DwsTestCase.LoginFunctionWithMultipleCredentials">
        <test-method is-config="true" signature="beforeClass()[pri:0, instance:com.crm.DwsTestCase.LoginFunctionWithMultipleCredentials@48bb62]" started-at="2024-05-30T12:47:05 IST" name="beforeClass" finished-at="2024-05-30T12:47:34 IST" duration-ms="28393" status="PASS">
          <reporter-output>
          </reporter-output>
        </test-method> <!-- beforeClass -->
        <test-method is-config="true" signature="beforeMethod()[pri:0, instance:com.crm.DwsTestCase.LoginFunctionWithMultipleCredentials@48bb62]" started-at="2024-05-30T12:47:34 IST" name="beforeMethod" finished-at="2024-05-30T12:47:37 IST" duration-ms="2992" status="PASS">
          <reporter-output>
          </reporter-output>
        </test-method> <!-- beforeMethod -->
        <test-method signature="loginCredential(java.lang.String,java.lang.String)[pri:0, instance:com.crm.DwsTestCase.LoginFunctionWithMultipleCredentials@48bb62]" started-at="2024-05-30T12:47:37 IST" name="loginCredential" data-provider="login" finished-at="2024-05-30T12:47:44 IST" duration-ms="6853" status="PASS">
          <params>
            <param index="0">
              <value>
                <![CDATA[admin01@gmail.com]]>
              </value>
            </param>
            <param index="1">
              <value>
                <![CDATA[admin01]]>
              </value>
            </param>
          </params>
          <reporter-output>
          </reporter-output>
        </test-method> <!-- loginCredential -->
        <test-method is-config="true" signature="afterMethod()[pri:0, instance:com.crm.DwsTestCase.LoginFunctionWithMultipleCredentials@48bb62]" started-at="2024-05-30T12:47:44 IST" name="afterMethod" finished-at="2024-05-30T12:47:45 IST" duration-ms="1723" status="PASS">
          <reporter-output>
          </reporter-output>
        </test-method> <!-- afterMethod -->
        <test-method is-config="true" signature="beforeMethod()[pri:0, instance:com.crm.DwsTestCase.LoginFunctionWithMultipleCredentials@48bb62]" started-at="2024-05-30T12:47:45 IST" name="beforeMethod" finished-at="2024-05-30T12:47:48 IST" duration-ms="2874" status="PASS">
          <reporter-output>
          </reporter-output>
        </test-method> <!-- beforeMethod -->
        <test-method signature="loginCredential(java.lang.String,java.lang.String)[pri:0, instance:com.crm.DwsTestCase.LoginFunctionWithMultipleCredentials@48bb62]" started-at="2024-05-30T12:47:48 IST" name="loginCredential" data-provider="login" finished-at="2024-05-30T12:47:57 IST" duration-ms="8957" status="PASS">
          <params>
            <param index="0">
              <value>
                <![CDATA[admin02@gmail.com]]>
              </value>
            </param>
            <param index="1">
              <value>
                <![CDATA[Admin02]]>
              </value>
            </param>
          </params>
          <reporter-output>
          </reporter-output>
        </test-method> <!-- loginCredential -->
        <test-method is-config="true" signature="afterMethod()[pri:0, instance:com.crm.DwsTestCase.LoginFunctionWithMultipleCredentials@48bb62]" started-at="2024-05-30T12:47:57 IST" name="afterMethod" finished-at="2024-05-30T12:47:59 IST" duration-ms="2005" status="PASS">
          <reporter-output>
          </reporter-output>
        </test-method> <!-- afterMethod -->
        <test-method is-config="true" signature="afterClass()[pri:0, instance:com.crm.DwsTestCase.LoginFunctionWithMultipleCredentials@48bb62]" started-at="2024-05-30T12:47:59 IST" name="afterClass" finished-at="2024-05-30T12:48:00 IST" duration-ms="652" status="PASS">
          <reporter-output>
          </reporter-output>
        </test-method> <!-- afterClass -->
      </class> <!-- com.crm.DwsTestCase.LoginFunctionWithMultipleCredentials -->
      <class name="com.crm.DwsTestCase.RegisterPageFill">
        <test-method is-config="true" signature="beforeSuite()[pri:0, instance:com.crm.DwsTestCase.RegisterPageFill@16eb3ea3]" started-at="2024-05-30T12:45:55 IST" name="beforeSuite" finished-at="2024-05-30T12:45:55 IST" duration-ms="45" status="PASS">
          <reporter-output>
          </reporter-output>
        </test-method> <!-- beforeSuite -->
        <test-method is-config="true" signature="beforeTest()[pri:0, instance:com.crm.DwsTestCase.RegisterPageFill@16eb3ea3]" started-at="2024-05-30T12:45:56 IST" name="beforeTest" finished-at="2024-05-30T12:45:56 IST" duration-ms="4" status="PASS">
          <reporter-output>
          </reporter-output>
        </test-method> <!-- beforeTest -->
        <test-method is-config="true" signature="beforeClass()[pri:0, instance:com.crm.DwsTestCase.RegisterPageFill@16eb3ea3]" started-at="2024-05-30T12:45:56 IST" name="beforeClass" finished-at="2024-05-30T12:46:33 IST" duration-ms="37131" status="PASS">
          <reporter-output>
          </reporter-output>
        </test-method> <!-- beforeClass -->
        <test-method is-config="true" signature="beforeMethod()[pri:0, instance:com.crm.DwsTestCase.RegisterPageFill@16eb3ea3]" started-at="2024-05-30T12:46:33 IST" name="beforeMethod" finished-at="2024-05-30T12:46:36 IST" duration-ms="2811" status="PASS">
          <reporter-output>
          </reporter-output>
        </test-method> <!-- beforeMethod -->
        <test-method signature="register()[pri:0, instance:com.crm.DwsTestCase.RegisterPageFill@16eb3ea3]" started-at="2024-05-30T12:46:36 IST" name="register" finished-at="2024-05-30T12:46:50 IST" duration-ms="14071" status="PASS">
          <reporter-output>
          </reporter-output>
        </test-method> <!-- register -->
        <test-method is-config="true" signature="afterMethod()[pri:0, instance:com.crm.DwsTestCase.RegisterPageFill@16eb3ea3]" started-at="2024-05-30T12:46:50 IST" name="afterMethod" finished-at="2024-05-30T12:47:05 IST" duration-ms="15107" status="FAIL">
          <exception class="org.openqa.selenium.NoSuchElementException">
            <message>
              <![CDATA[no such element: Unable to locate element: {"method":"xpath","selector":"//a[text()='Log out']"}
  (Session info: chrome=125.0.6422.113)
For documentation on this error, please visit: https://www.selenium.dev/documentation/webdriver/troubleshooting/errors#no-such-element-exception
Build info: version: '4.16.0', revision: '15400459dd*'
System info: os.name: 'Windows 10', os.arch: 'amd64', os.version: '10.0', java.version: '17.0.9'
Driver info: org.openqa.selenium.chrome.ChromeDriver
Command: [a9b1c1eb028ea4553289802d0af7a730, findElement {using=xpath, value=//a[text()='Log out']}]
Capabilities {acceptInsecureCerts: false, browserName: chrome, browserVersion: 125.0.6422.113, chrome: {chromedriverVersion: 125.0.6422.78 (14db42ec38ad..., userDataDir: C:\Users\SIS\AppData\Local\...}, fedcm:accounts: true, goog:chromeOptions: {debuggerAddress: localhost:53555}, networkConnectionEnabled: false, pageLoadStrategy: normal, platformName: windows, proxy: Proxy(), se:cdp: ws://localhost:53555/devtoo..., se:cdpVersion: 125.0.6422.113, setWindowRect: true, strictFileInteractability: false, timeouts: {implicit: 0, pageLoad: 300000, script: 30000}, unhandledPromptBehavior: dismiss and notify, webauthn:extension:credBlob: true, webauthn:extension:largeBlob: true, webauthn:extension:minPinLength: true, webauthn:extension:prf: true, webauthn:virtualAuthenticators: true}
Session ID: a9b1c1eb028ea4553289802d0af7a730]]>
            </message>
            <full-stacktrace>
              <![CDATA[org.openqa.selenium.NoSuchElementException: no such element: Unable to locate element: {"method":"xpath","selector":"//a[text()='Log out']"}
  (Session info: chrome=125.0.6422.113)
For documentation on this error, please visit: https://www.selenium.dev/documentation/webdriver/troubleshooting/errors#no-such-element-exception
Build info: version: '4.16.0', revision: '15400459dd*'
System info: os.name: 'Windows 10', os.arch: 'amd64', os.version: '10.0', java.version: '17.0.9'
Driver info: org.openqa.selenium.chrome.ChromeDriver
Command: [a9b1c1eb028ea4553289802d0af7a730, findElement {using=xpath, value=//a[text()='Log out']}]
Capabilities {acceptInsecureCerts: false, browserName: chrome, browserVersion: 125.0.6422.113, chrome: {chromedriverVersion: 125.0.6422.78 (14db42ec38ad..., userDataDir: C:\Users\SIS\AppData\Local\...}, fedcm:accounts: true, goog:chromeOptions: {debuggerAddress: localhost:53555}, networkConnectionEnabled: false, pageLoadStrategy: normal, platformName: windows, proxy: Proxy(), se:cdp: ws://localhost:53555/devtoo..., se:cdpVersion: 125.0.6422.113, setWindowRect: true, strictFileInteractability: false, timeouts: {implicit: 0, pageLoad: 300000, script: 30000}, unhandledPromptBehavior: dismiss and notify, webauthn:extension:credBlob: true, webauthn:extension:largeBlob: true, webauthn:extension:minPinLength: true, webauthn:extension:prf: true, webauthn:virtualAuthenticators: true}
Session ID: a9b1c1eb028ea4553289802d0af7a730
at java.base/jdk.internal.reflect.NativeConstructorAccessorImpl.newInstance0(Native Method)
at java.base/jdk.internal.reflect.NativeConstructorAccessorImpl.newInstance(NativeConstructorAccessorImpl.java:77)
at java.base/jdk.internal.reflect.DelegatingConstructorAccessorImpl.newInstance(DelegatingConstructorAccessorImpl.java:45)
at java.base/java.lang.reflect.Constructor.newInstanceWithCaller(Constructor.java:499)
at java.base/java.lang.reflect.Constructor.newInstance(Constructor.java:480)
at org.openqa.selenium.remote.codec.w3c.W3CHttpResponseCodec.createException(W3CHttpResponseCodec.java:200)
at org.openqa.selenium.remote.codec.w3c.W3CHttpResponseCodec.decode(W3CHttpResponseCodec.java:133)
at org.openqa.selenium.remote.codec.w3c.W3CHttpResponseCodec.decode(W3CHttpResponseCodec.java:52)
at org.openqa.selenium.remote.HttpCommandExecutor.execute(HttpCommandExecutor.java:191)
at org.openqa.selenium.remote.service.DriverCommandExecutor.invokeExecute(DriverCommandExecutor.java:200)
at org.openqa.selenium.remote.service.DriverCommandExecutor.execute(DriverCommandExecutor.java:175)
at org.openqa.selenium.remote.RemoteWebDriver.execute(RemoteWebDriver.java:523)
at org.openqa.selenium.remote.ElementLocation$ElementFinder$2.findElement(ElementLocation.java:165)
at org.openqa.selenium.remote.ElementLocation.findElement(ElementLocation.java:59)
at org.openqa.selenium.remote.RemoteWebDriver.findElement(RemoteWebDriver.java:360)
at org.openqa.selenium.remote.RemoteWebDriver.findElement(RemoteWebDriver.java:354)
at com.crm.BaseClassUtility.BaseClass.afterMethod(BaseClass.java:96)
at java.base/jdk.internal.reflect.NativeMethodAccessorImpl.invoke0(Native Method)
at java.base/jdk.internal.reflect.NativeMethodAccessorImpl.invoke(NativeMethodAccessorImpl.java:77)
at java.base/jdk.internal.reflect.DelegatingMethodAccessorImpl.invoke(DelegatingMethodAccessorImpl.java:43)
at java.base/java.lang.reflect.Method.invoke(Method.java:568)
at org.testng.internal.invokers.MethodInvocationHelper.invokeMethod(MethodInvocationHelper.java:141)
at org.testng.internal.invokers.MethodInvocationHelper.invokeMethodConsideringTimeout(MethodInvocationHelper.java:71)
at org.testng.internal.invokers.ConfigInvoker.invokeConfigurationMethod(ConfigInvoker.java:400)
at org.testng.internal.invokers.ConfigInvoker.invokeConfigurations(ConfigInvoker.java:333)
at org.testng.internal.invokers.TestInvoker.runConfigMethods(TestInvoker.java:833)
at org.testng.internal.invokers.TestInvoker.runAfterConfigurations(TestInvoker.java:802)
at org.testng.internal.invokers.TestInvoker.invokeMethod(TestInvoker.java:778)
at org.testng.internal.invokers.TestInvoker.invokeTestMethod(TestInvoker.java:230)
at org.testng.internal.invokers.MethodRunner.runInSequence(MethodRunner.java:63)
at org.testng.internal.invokers.TestInvoker$MethodInvocationAgent.invoke(TestInvoker.java:992)
at org.testng.internal.invokers.TestInvoker.invokeTestMethods(TestInvoker.java:203)
at org.testng.internal.invokers.TestMethodWorker.invokeTestMethods(TestMethodWorker.java:154)
at org.testng.internal.invokers.TestMethodWorker.run(TestMethodWorker.java:134)
at java.base/java.util.ArrayList.forEach(ArrayList.java:1511)
at org.testng.TestRunner.privateRun(TestRunner.java:739)
at org.testng.TestRunner.run(TestRunner.java:614)
at org.testng.SuiteRunner.runTest(SuiteRunner.java:421)
at org.testng.SuiteRunner.runSequentially(SuiteRunner.java:413)
at org.testng.SuiteRunner.privateRun(SuiteRunner.java:373)
at org.testng.SuiteRunner.run(SuiteRunner.java:312)
at org.testng.SuiteRunnerWorker.runSuite(SuiteRunnerWorker.java:52)
at org.testng.SuiteRunnerWorker.run(SuiteRunnerWorker.java:95)
at org.testng.TestNG.runSuitesSequentially(TestNG.java:1274)
at org.testng.TestNG.runSuitesLocally(TestNG.java:1208)
at org.testng.TestNG.runSuites(TestNG.java:1112)
at org.testng.TestNG.run(TestNG.java:1079)
at org.testng.remote.AbstractRemoteTestNG.run(AbstractRemoteTestNG.java:115)
at org.testng.remote.RemoteTestNG.initAndRun(RemoteTestNG.java:293)
at org.testng.remote.RemoteTestNG.main(RemoteTestNG.java:91)
]]>
            </full-stacktrace>
          </exception> <!-- org.openqa.selenium.NoSuchElementException -->
          <reporter-output>
          </reporter-output>
        </test-method> <!-- afterMethod -->
        <test-method is-config="true" signature="afterClass()[pri:0, instance:com.crm.DwsTestCase.RegisterPageFill@16eb3ea3]" started-at="2024-05-30T12:47:05 IST" name="afterClass" finished-at="2024-05-30T12:47:05 IST" duration-ms="0" status="SKIP">
          <reporter-output>
          </reporter-output>
        </test-method> <!-- afterClass -->
        <test-method is-config="true" signature="afterTest()[pri:0, instance:com.crm.DwsTestCase.RegisterPageFill@16eb3ea3]" started-at="2024-05-30T12:50:20 IST" name="afterTest" finished-at="2024-05-30T12:50:20 IST" duration-ms="1" status="PASS">
          <reporter-output>
          </reporter-output>
        </test-method> <!-- afterTest -->
        <test-method is-config="true" signature="afterSuite()[pri:0, instance:com.crm.DwsTestCase.RegisterPageFill@16eb3ea3]" started-at="2024-05-30T12:50:21 IST" name="afterSuite" finished-at="2024-05-30T12:50:21 IST" duration-ms="1" status="PASS">
          <reporter-output>
          </reporter-output>
        </test-method> <!-- afterSuite -->
      </class> <!-- com.crm.DwsTestCase.RegisterPageFill -->
      <class name="com.crm.DwsTestCase.AddToCartDropDownMenu">
        <test-method is-config="true" signature="beforeClass()[pri:0, instance:com.crm.DwsTestCase.AddToCartDropDownMenu@57a78e3]" started-at="2024-05-30T12:49:30 IST" name="beforeClass" finished-at="2024-05-30T12:49:55 IST" duration-ms="25383" status="PASS">
          <reporter-output>
          </reporter-output>
        </test-method> <!-- beforeClass -->
        <test-method is-config="true" signature="beforeMethod()[pri:0, instance:com.crm.DwsTestCase.AddToCartDropDownMenu@57a78e3]" started-at="2024-05-30T12:49:55 IST" name="beforeMethod" finished-at="2024-05-30T12:50:05 IST" duration-ms="9727" status="PASS">
          <reporter-output>
          </reporter-output>
        </test-method> <!-- beforeMethod -->
        <test-method signature="dropDown()[pri:0, instance:com.crm.DwsTestCase.AddToCartDropDownMenu@57a78e3]" started-at="2024-05-30T12:50:05 IST" name="dropDown" finished-at="2024-05-30T12:50:16 IST" duration-ms="10416" status="PASS">
          <reporter-output>
          </reporter-output>
        </test-method> <!-- dropDown -->
        <test-method is-config="true" signature="afterMethod()[pri:0, instance:com.crm.DwsTestCase.AddToCartDropDownMenu@57a78e3]" started-at="2024-05-30T12:50:16 IST" name="afterMethod" finished-at="2024-05-30T12:50:19 IST" duration-ms="3119" status="PASS">
          <reporter-output>
          </reporter-output>
        </test-method> <!-- afterMethod -->
        <test-method is-config="true" signature="afterClass()[pri:0, instance:com.crm.DwsTestCase.AddToCartDropDownMenu@57a78e3]" started-at="2024-05-30T12:50:19 IST" name="afterClass" finished-at="2024-05-30T12:50:20 IST" duration-ms="921" status="PASS">
          <reporter-output>
          </reporter-output>
        </test-method> <!-- afterClass -->
      </class> <!-- com.crm.DwsTestCase.AddToCartDropDownMenu -->
    </test> <!-- Test -->
  </suite> <!-- Suite -->
</testng-results>
